Using pre-set license
Built from '2020.3/staging' branch; Version is '2020.3.22f1 (e1a7f79fd887) revision 14788599'; Using compiler version '192528614'; Build Type 'Release'
OS: 'Windows 10 Home; OS build 22000.675; Version 2009; 64bit' Language: 'en' Physical Memory: 49042 MB
BatchMode: 1, IsHumanControllingUs: 0, StartBugReporterOnCrash: 0, Is64bit: 1, IsPro: 0

COMMAND LINE ARGUMENTS:
C:\Program Files\Unity 2020.3.22f1\Editor\Unity.exe
-adb2
-batchMode
-noUpm
-name
AssetImportWorker0
-projectPath
C:/Users/BDook/Documents/GitHub/RealitySwitch-EnygmaGames-Repo
-logFile
Logs/AssetImportWorker0.log
-srvPort
52851
Successfully changed project path to: C:/Users/BDook/Documents/GitHub/RealitySwitch-EnygmaGames-Repo
C:/Users/BDook/Documents/GitHub/RealitySwitch-EnygmaGames-Repo
Using Asset Import Pipeline V2.
Refreshing native plugins compatible for Editor in 72.73 ms, found 5 plugins.
Preloading 0 native plugins for Editor in 0.00 ms.
Initialize engine version: 2020.3.22f1 (e1a7f79fd887)
[Subsystems] Discovering subsystems at path C:/Program Files/Unity 2020.3.22f1/Editor/Data/Resources/UnitySubsystems
[Subsystems] Discovering subsystems at path C:/Users/BDook/Documents/GitHub/RealitySwitch-EnygmaGames-Repo/Assets
GfxDevice: creating device client; threaded=0
Direct3D:
    Version:  Direct3D 11.0 [level 11.1]
    Renderer: NVIDIA GeForce RTX 3070 (ID=0x2484)
    Vendor:   
    VRAM:     8043 MB
    Driver:   30.0.15.1259
Initialize mono
Mono path[0] = 'C:/Program Files/Unity 2020.3.22f1/Editor/Data/Managed'
Mono path[1] = 'C:/Program Files/Unity 2020.3.22f1/Editor/Data/MonoBleedingEdge/lib/mono/unityjit'
Mono config path = 'C:/Program Files/Unity 2020.3.22f1/Editor/Data/MonoBleedingEdge/etc'
Using monoOptions --debugger-agent=transport=dt_socket,embedding=1,server=y,suspend=n,address=127.0.0.1:56388
Begin MonoManager ReloadAssembly
Registering precompiled unity dll's ...
Register platform support module: C:/Program Files/Unity 2020.3.22f1/Editor/Data/PlaybackEngines/WindowsStandaloneSupport/UnityEditor.WindowsStandalone.Extensions.dll
Registered in 0.001037 seconds.
Native extension for WindowsStandalone target not found
Refreshing native plugins compatible for Editor in 56.32 ms, found 5 plugins.
Preloading 0 native plugins for Editor in 0.00 ms.
Mono: successfully reloaded assembly
- Completed reload, in  0.694 seconds
Domain Reload Profiling:
	ReloadAssembly (694ms)
		BeginReloadAssembly (32ms)
			ExecutionOrderSort (0ms)
			DisableScriptedObjects (0ms)
			BackupInstance (0ms)
			ReleaseScriptingObjects (0ms)
			CreateAndSetChildDomain (1ms)
		EndReloadAssembly (318ms)
			LoadAssemblies (31ms)
			RebuildTransferFunctionScriptingTraits (0ms)
			SetupTypeCache (91ms)
			ReleaseScriptCaches (0ms)
			RebuildScriptCaches (18ms)
			SetupLoadedEditorAssemblies (145ms)
				LogAssemblyErrors (0ms)
				InitializePlatformSupportModulesInManaged (3ms)
				SetLoadedEditorAssemblies (0ms)
				RefreshPlugins (56ms)
				BeforeProcessingInitializeOnLoad (12ms)
				ProcessInitializeOnLoadAttributes (55ms)
				ProcessInitializeOnLoadMethodAttributes (19ms)
				AfterProcessingInitializeOnLoad (0ms)
				EditorAssembliesLoaded (0ms)
			ExecutionOrderSort2 (0ms)
			AwakeInstancesAfterBackupRestoration (0ms)
Platform modules already initialized, skipping
Registering precompiled user dll's ...
Registered in 0.007463 seconds.
Begin MonoManager ReloadAssembly
Native extension for WindowsStandalone target not found
Refreshing native plugins compatible for Editor in 52.20 ms, found 5 plugins.
Preloading 0 native plugins for Editor in 0.00 ms.
Mono: successfully reloaded assembly
- Completed reload, in  0.856 seconds
Domain Reload Profiling:
	ReloadAssembly (857ms)
		BeginReloadAssembly (90ms)
			ExecutionOrderSort (0ms)
			DisableScriptedObjects (3ms)
			BackupInstance (0ms)
			ReleaseScriptingObjects (0ms)
			CreateAndSetChildDomain (15ms)
		EndReloadAssembly (726ms)
			LoadAssemblies (66ms)
			RebuildTransferFunctionScriptingTraits (0ms)
			SetupTypeCache (209ms)
			ReleaseScriptCaches (1ms)
			RebuildScriptCaches (38ms)
			SetupLoadedEditorAssemblies (332ms)
				LogAssemblyErrors (0ms)
				InitializePlatformSupportModulesInManaged (3ms)
				SetLoadedEditorAssemblies (0ms)
				RefreshPlugins (52ms)
				BeforeProcessingInitializeOnLoad (66ms)
				ProcessInitializeOnLoadAttributes (164ms)
				ProcessInitializeOnLoadMethodAttributes (41ms)
				AfterProcessingInitializeOnLoad (7ms)
				EditorAssembliesLoaded (0ms)
			ExecutionOrderSort2 (0ms)
			AwakeInstancesAfterBackupRestoration (4ms)
Platform modules already initialized, skipping
========================================================================
Worker process is ready to serve import requests
Launched and connected shader compiler UnityShaderCompiler.exe after 0.04 seconds
Refreshing native plugins compatible for Editor in 1.22 ms, found 5 plugins.
Preloading 0 native plugins for Editor in 0.00 ms.
Unloading 3255 Unused Serialized files (Serialized files now loaded: 0)
System memory in use before: 130.3 MB.
System memory in use after: 130.5 MB.

Unloading 123 unused Assets to reduce memory usage. Loaded Objects now: 3601.
Total: 6.436100 ms (FindLiveObjects: 0.351300 ms CreateObjectMapping: 0.146900 ms MarkObjects: 5.855900 ms  DeleteObjects: 0.081200 ms)

AssetImportParameters requested are different than current active one (requested -> active):
  custom:framework-win-MediaFoundation: 216162199b28c13a410421893ffa2e32 -> 
  custom:video-decoder-ogg-theora: a1e56fd34408186e4bbccfd4996cb3dc -> 
  custom:container-muxer-webm: aa71ff27fc2769a1b78a27578f13a17b -> 
  custom:container-demuxer-webm: 4f35f7cbe854078d1ac9338744f61a02 -> 
  custom:container-demuxer-ogg: 62fdf1f143b41e24485cea50d1cbac27 -> 
  custom:video-encoder-webm-vp8: eb34c28f22e8b96e1ab97ce403110664 -> 
  custom:video-decoder-webm-vp8: 9c59270c3fd7afecdb556c50c9e8de78 -> 
  custom:audio-decoder-ogg-vorbis: bf7c407c2cedff20999df2af8eb42d56 -> 
  custom:audio-encoder-webm-vorbis: bf7c407c2cedff20999df2af8eb42d56 -> 
========================================================================
Received Import Request.
  path: Assets/Plugins/FMOD/Resources/FMODStudioSettings.asset
  artifactKey: Guid(97c12b52f6511154b83705f1df838d4a) Importer(815301076,1909f56bfc062723c751e8b465ee728b)
Start importing Assets/Plugins/FMOD/Resources/FMODStudioSettings.asset using Guid(97c12b52f6511154b83705f1df838d4a) Importer(815301076,1909f56bfc062723c751e8b465ee728b)  -> (artifact id: '5d9ed928ae672f47db4f2f76a93a368f') in 0.054059 seconds 
  Import took 0.058352 seconds .

========================================================================
Received Import Request.
  Time since last request: 64.219558 seconds.
  path: Assets/Prefabs/StartUp/AudioLoop.prefab
  artifactKey: Guid(0f618da174ea44266865b50a04995f3c) Importer(815301076,1909f56bfc062723c751e8b465ee728b)
Start importing Assets/Prefabs/StartUp/AudioLoop.prefab using Guid(0f618da174ea44266865b50a04995f3c) Importer(815301076,1909f56bfc062723c751e8b465ee728b)  -> (artifact id: '43372f3d4f9dbb8df4a873b5257c6786') in 0.016246 seconds 
  Import took 0.020959 seconds .

========================================================================
Received Import Request.
  Time since last request: 0.000134 seconds.
  path: Assets/Prefabs/StartUp/Cameras.prefab
  artifactKey: Guid(927e473a2ba484d75b382fc1faaf0eeb) Importer(815301076,1909f56bfc062723c751e8b465ee728b)
Start importing Assets/Prefabs/StartUp/Cameras.prefab using Guid(927e473a2ba484d75b382fc1faaf0eeb) Importer(815301076,1909f56bfc062723c751e8b465ee728b)  -> (artifact id: '7b1d759184967a2228a745759fd640da') in 0.015338 seconds 
  Import took 0.019076 seconds .

========================================================================
Received Import Request.
  Time since last request: 0.000113 seconds.
  path: Assets/Prefabs/StartUp/Player.prefab
  artifactKey: Guid(5a231d6c8a56d42c7829e8707f65eb05) Importer(815301076,1909f56bfc062723c751e8b465ee728b)
Start importing Assets/Prefabs/StartUp/Player.prefab using Guid(5a231d6c8a56d42c7829e8707f65eb05) Importer(815301076,1909f56bfc062723c751e8b465ee728b)  -> (artifact id: 'ad0516dd2fd035eda0d3a4ec326ebef9') in 0.113863 seconds 
  Import took 0.119678 seconds .

========================================================================
Received Import Request.
  Time since last request: 0.000138 seconds.
  path: Assets/Prefabs/StartUp/Startup.prefab
  artifactKey: Guid(b022250573709434c9737ce47e1017e3) Importer(815301076,1909f56bfc062723c751e8b465ee728b)
Start importing Assets/Prefabs/StartUp/Startup.prefab using Guid(b022250573709434c9737ce47e1017e3) Importer(815301076,1909f56bfc062723c751e8b465ee728b)  -> (artifact id: 'd4ab95377526e191ed3a692c041d9e57') in 0.065008 seconds 
  Import took 0.069370 seconds .

========================================================================
Received Import Request.
  Time since last request: 0.000114 seconds.
  path: Assets/Prefabs/StartUp/GameManager.prefab
  artifactKey: Guid(1e45fe2070dd5483db2ebd3e8b5dae90) Importer(815301076,1909f56bfc062723c751e8b465ee728b)
Start importing Assets/Prefabs/StartUp/GameManager.prefab using Guid(1e45fe2070dd5483db2ebd3e8b5dae90) Importer(815301076,1909f56bfc062723c751e8b465ee728b)  -> (artifact id: '2ef5c7ae7e4755977f03a60951e80618') in 0.007526 seconds 
  Import took 0.012049 seconds .

========================================================================
Received Import Request.
  Time since last request: 316.485315 seconds.
  path: Assets/Plugins/FMOD/Resources/FMODStudioSettings.asset
  artifactKey: Guid(97c12b52f6511154b83705f1df838d4a) Importer(815301076,1909f56bfc062723c751e8b465ee728b)
Start importing Assets/Plugins/FMOD/Resources/FMODStudioSettings.asset using Guid(97c12b52f6511154b83705f1df838d4a) Importer(815301076,1909f56bfc062723c751e8b465ee728b) Uploading Crash Report
ArgumentException: An item with the same key has already been added. Key: StandaloneWindows
  at System.Collections.Generic.Dictionary`2[TKey,TValue].TryInsert (TKey key, TValue value, System.Collections.Generic.InsertionBehavior behavior) [0x000c1] in <695d1cc93cca45069c528c15c9fdd749>:0 
  at System.Collections.Generic.Dictionary`2[TKey,TValue].Add (TKey key, TValue value) [0x00000] in <695d1cc93cca45069c528c15c9fdd749>:0 
  at FMODUnity.EditorSettings.AddPlatformForBuildTargets (FMODUnity.Platform platform) [0x0001a] in C:\Users\BDook\Documents\GitHub\RealitySwitch-EnygmaGames-Repo\Assets\Plugins\FMOD\src\Editor\EditorSettings.cs:74 
  at FMODUnity.Settings.LinkPlatform (FMODUnity.Platform platform) [0x00015] in C:\Users\BDook\Documents\GitHub\RealitySwitch-EnygmaGames-Repo\Assets\Plugins\FMOD\src\Settings.cs:446 
  at FMODUnity.Settings.ForEachPlatform (System.Action`1[T] action) [0x00016] in C:\Users\BDook\Documents\GitHub\RealitySwitch-EnygmaGames-Repo\Assets\Plugins\FMOD\src\Settings.cs:412 
  at FMODUnity.Settings.OnEnable () [0x00156] in C:\Users\BDook\Documents\GitHub\RealitySwitch-EnygmaGames-Repo\Assets\Plugins\FMOD\src\Settings.cs:631 

(Filename: Assets/Plugins/FMOD/src/Editor/EditorSettings.cs Line: 74)

 -> (artifact id: '51c838da61ab31c262f153e15341f585') in 0.010998 seconds 
  Import took 0.015536 seconds .

========================================================================
Received Import Request.
  Time since last request: 12.381881 seconds.
  path: Assets/Plugins/FMOD/Resources/FMODStudioSettings.asset
  artifactKey: Guid(97c12b52f6511154b83705f1df838d4a) Importer(815301076,1909f56bfc062723c751e8b465ee728b)
Start importing Assets/Plugins/FMOD/Resources/FMODStudioSettings.asset using Guid(97c12b52f6511154b83705f1df838d4a) Importer(815301076,1909f56bfc062723c751e8b465ee728b) ArgumentException: An item with the same key has already been added. Key: StandaloneWindows
  at System.Collections.Generic.Dictionary`2[TKey,TValue].TryInsert (TKey key, TValue value, System.Collections.Generic.InsertionBehavior behavior) [0x000c1] in <695d1cc93cca45069c528c15c9fdd749>:0 
  at System.Collections.Generic.Dictionary`2[TKey,TValue].Add (TKey key, TValue value) [0x00000] in <695d1cc93cca45069c528c15c9fdd749>:0 
  at FMODUnity.EditorSettings.AddPlatformForBuildTargets (FMODUnity.Platform platform) [0x0001a] in C:\Users\BDook\Documents\GitHub\RealitySwitch-EnygmaGames-Repo\Assets\Plugins\FMOD\src\Editor\EditorSettings.cs:74 
  at FMODUnity.Settings.LinkPlatform (FMODUnity.Platform platform) [0x00015] in C:\Users\BDook\Documents\GitHub\RealitySwitch-EnygmaGames-Repo\Assets\Plugins\FMOD\src\Settings.cs:446 
  at FMODUnity.Settings.ForEachPlatform (System.Action`1[T] action) [0x00016] in C:\Users\BDook\Documents\GitHub\RealitySwitch-EnygmaGames-Repo\Assets\Plugins\FMOD\src\Settings.cs:412 
  at FMODUnity.Settings.OnEnable () [0x00156] in C:\Users\BDook\Documents\GitHub\RealitySwitch-EnygmaGames-Repo\Assets\Plugins\FMOD\src\Settings.cs:631 

(Filename: Assets/Plugins/FMOD/src/Editor/EditorSettings.cs Line: 74)

 -> (artifact id: 'b7094cf63c21e8af0cebc9bc20dd06f0') in 0.004577 seconds 
  Import took 0.009284 seconds .

